This is pdfTeX, Version 3.14159265-2.6-1.40.15 (TeX Live 2014) (preloaded format=pdflatex 2015.6.9)  4 NOV 2017 12:36
entering extended mode
 restricted \write18 enabled.
 %&-line parsing enabled.
**mainthesisUVIC.tex
(./mainthesisUVIC.tex
LaTeX2e <2014/05/01>
Babel <3.9l> and hyphenation patterns for 79 languages loaded.
(/usr/local/texlive/2014/texmf-dist/tex/latex/base/book.cls
Document Class: book 2014/09/29 v1.4h Standard LaTeX document class
(/usr/local/texlive/2014/texmf-dist/tex/latex/base/bk12.clo
File: bk12.clo 2014/09/29 v1.4h Standard LaTeX file (size option)
)
\c@part=\count79
\c@chapter=\count80
\c@section=\count81
\c@subsection=\count82
\c@subsubsection=\count83
\c@paragraph=\count84
\c@subparagraph=\count85
\c@figure=\count86
\c@table=\count87
\abovecaptionskip=\skip41
\belowcaptionskip=\skip42
\bibindent=\dimen102
)
\@input{macros/style.aux}
\openout2 = `macros/style.aux'.

(./macros/style.tex
(/usr/local/texlive/2014/texmf-dist/tex/latex/geometry/geometry.sty
Package: geometry 2010/09/12 v5.6 Page Geometry

(/usr/local/texlive/2014/texmf-dist/tex/latex/graphics/keyval.sty
Package: keyval 2014/10/28 v1.15 key=value parser (DPC)
\KV@toks@=\toks14
)
(/usr/local/texlive/2014/texmf-dist/tex/generic/oberdiek/ifpdf.sty
Package: ifpdf 2011/01/30 v2.3 Provides the ifpdf switch (HO)
Package ifpdf Info: pdfTeX in PDF mode is detected.
)
(/usr/local/texlive/2014/texmf-dist/tex/generic/oberdiek/ifvtex.sty
Package: ifvtex 2010/03/01 v1.5 Detect VTeX and its facilities (HO)
Package ifvtex Info: VTeX not detected.
)
(/usr/local/texlive/2014/texmf-dist/tex/generic/ifxetex/ifxetex.sty
Package: ifxetex 2010/09/12 v0.6 Provides ifxetex conditional
)
\Gm@cnth=\count88
\Gm@cntv=\count89
\c@Gm@tempcnt=\count90
\Gm@bindingoffset=\dimen103
\Gm@wd@mp=\dimen104
\Gm@odd@mp=\dimen105
\Gm@even@mp=\dimen106
\Gm@layoutwidth=\dimen107
\Gm@layoutheight=\dimen108
\Gm@layouthoffset=\dimen109
\Gm@layoutvoffset=\dimen110
\Gm@dimlist=\toks15
)
(/usr/local/texlive/2014/texmf-dist/tex/latex/setspace/setspace.sty
Package: setspace 2011/12/19 v6.7a set line spacing
)
(/usr/local/texlive/2014/texmf-dist/tex/latex/fancyhdr/fancyhdr.sty
\fancy@headwidth=\skip43
\f@ncyO@elh=\skip44
\f@ncyO@erh=\skip45
\f@ncyO@olh=\skip46
\f@ncyO@orh=\skip47
\f@ncyO@elf=\skip48
\f@ncyO@erf=\skip49
\f@ncyO@olf=\skip50
\f@ncyO@orf=\skip51
)
(/usr/local/texlive/2014/texmf-dist/tex/latex/tocloft/tocloft.sty
Package: tocloft 2013/05/02 v2.3f parameterised ToC, etc., typesetting
Package tocloft Info: The document has chapter divisions on input line 44.
\cftparskip=\skip52
\cftbeforetoctitleskip=\skip53
\cftaftertoctitleskip=\skip54
\cftbeforepartskip=\skip55
\cftpartnumwidth=\skip56
\cftpartindent=\skip57
\cftbeforechapskip=\skip58
\cftchapindent=\skip59
\cftchapnumwidth=\skip60
\cftbeforesecskip=\skip61
\cftsecindent=\skip62
\cftsecnumwidth=\skip63
\cftbeforesubsecskip=\skip64
\cftsubsecindent=\skip65
\cftsubsecnumwidth=\skip66
\cftbeforesubsubsecskip=\skip67
\cftsubsubsecindent=\skip68
\cftsubsubsecnumwidth=\skip69
\cftbeforeparaskip=\skip70
\cftparaindent=\skip71
\cftparanumwidth=\skip72
\cftbeforesubparaskip=\skip73
\cftsubparaindent=\skip74
\cftsubparanumwidth=\skip75
\cftbeforeloftitleskip=\skip76
\cftafterloftitleskip=\skip77
\cftbeforefigskip=\skip78
\cftfigindent=\skip79
\cftfignumwidth=\skip80
\c@lofdepth=\count91
\c@lotdepth=\count92
\cftbeforelottitleskip=\skip81
\cftafterlottitleskip=\skip82
\cftbeforetabskip=\skip83
\cfttabindent=\skip84
\cfttabnumwidth=\skip85
))
\@input{macros/use_packages.aux}
\openout2 = `macros/use_packages.aux'.

(./macros/use_packages.tex
(/usr/local/texlive/2014/texmf-dist/tex/latex/tools/dcolumn.sty
Package: dcolumn 2014/10/28 v1.06 decimal alignment package (DPC)

(/usr/local/texlive/2014/texmf-dist/tex/latex/tools/array.sty
Package: array 2014/10/28 v2.4c Tabular extension package (FMi)
\col@sep=\dimen111
\extrarowheight=\dimen112
\NC@list=\toks16
\extratabsurround=\skip86
\backup@length=\skip87
))
(/usr/local/texlive/2014/texmf-dist/tex/latex/tools/longtable.sty
Package: longtable 2014/10/28 v4.11 Multi-page Table package (DPC)
\LTleft=\skip88
\LTright=\skip89
\LTpre=\skip90
\LTpost=\skip91
\LTchunksize=\count93
\LTcapwidth=\dimen113
\LT@head=\box26
\LT@firsthead=\box27
\LT@foot=\box28
\LT@lastfoot=\box29
\LT@cols=\count94
\LT@rows=\count95
\c@LT@tables=\count96
\c@LT@chunks=\count97
\LT@p@ftn=\toks17
)
(/usr/local/texlive/2014/texmf-dist/tex/latex/amsmath/amsmath.sty
Package: amsmath 2013/01/14 v2.14 AMS math features
\@mathmargin=\skip92

For additional information on amsmath, use the `?' option.
(/usr/local/texlive/2014/texmf-dist/tex/latex/amsmath/amstext.sty
Package: amstext 2000/06/29 v2.01

(/usr/local/texlive/2014/texmf-dist/tex/latex/amsmath/amsgen.sty
File: amsgen.sty 1999/11/30 v2.0
\@emptytoks=\toks18
\ex@=\dimen114
))
(/usr/local/texlive/2014/texmf-dist/tex/latex/amsmath/amsbsy.sty
Package: amsbsy 1999/11/29 v1.2d
\pmbraise@=\dimen115
)
(/usr/local/texlive/2014/texmf-dist/tex/latex/amsmath/amsopn.sty
Package: amsopn 1999/12/14 v2.01 operator names
)
\inf@bad=\count98
LaTeX Info: Redefining \frac on input line 210.
\uproot@=\count99
\leftroot@=\count100
LaTeX Info: Redefining \overline on input line 306.
\classnum@=\count101
\DOTSCASE@=\count102
LaTeX Info: Redefining \ldots on input line 378.
LaTeX Info: Redefining \dots on input line 381.
LaTeX Info: Redefining \cdots on input line 466.
\Mathstrutbox@=\box30
\strutbox@=\box31
\big@size=\dimen116
LaTeX Font Info:    Redeclaring font encoding OML on input line 566.
LaTeX Font Info:    Redeclaring font encoding OMS on input line 567.
\macc@depth=\count103
\c@MaxMatrixCols=\count104
\dotsspace@=\muskip10
\c@parentequation=\count105
\dspbrk@lvl=\count106
\tag@help=\toks19
\row@=\count107
\column@=\count108
\maxfields@=\count109
\andhelp@=\toks20
\eqnshift@=\dimen117
\alignsep@=\dimen118
\tagshift@=\dimen119
\tagwidth@=\dimen120
\totwidth@=\dimen121
\lineht@=\dimen122
\@envbody=\toks21
\multlinegap=\skip93
\multlinetaggap=\skip94
\mathdisplay@stack=\toks22
LaTeX Info: Redefining \[ on input line 2665.
LaTeX Info: Redefining \] on input line 2666.
)
(/usr/local/texlive/2014/texmf-dist/tex/latex/amscls/amsthm.sty
Package: amsthm 2009/07/02 v2.20.1
\thm@style=\toks23
\thm@bodyfont=\toks24
\thm@headfont=\toks25
\thm@notefont=\toks26
\thm@headpunct=\toks27
\thm@preskip=\skip95
\thm@postskip=\skip96
\thm@headsep=\skip97
\dth@everypar=\toks28
)
(/usr/local/texlive/2014/texmf-dist/tex/latex/amsfonts/amssymb.sty
Package: amssymb 2013/01/14 v3.01 AMS font symbols

(/usr/local/texlive/2014/texmf-dist/tex/latex/amsfonts/amsfonts.sty
Package: amsfonts 2013/01/14 v3.01 Basic AMSFonts support
\symAMSa=\mathgroup4
\symAMSb=\mathgroup5
LaTeX Font Info:    Overwriting math alphabet `\mathfrak' in version `bold'
(Font)                  U/euf/m/n --> U/euf/b/n on input line 106.
))
(/usr/local/texlive/2014/texmf-dist/tex/latex/tools/xspace.sty
Package: xspace 2014/10/28 v1.13 Space after command names (DPC,MH)
)
(/usr/local/texlive/2014/texmf-dist/tex/latex/textcase/textcase.sty
Package: textcase 2004/10/07 v0.07 Text only upper/lower case changing (DPC)
)
(/usr/local/texlive/2014/texmf-dist/tex/latex/wasysym/wasysym.sty
Package: wasysym 2003/10/30 v2.0 Wasy-2 symbol support package
\symwasy=\mathgroup6
LaTeX Font Info:    Overwriting symbol font `wasy' in version `bold'
(Font)                  U/wasy/m/n --> U/wasy/b/n on input line 90.
)
(/usr/local/texlive/2014/texmf-dist/tex/latex/graphics/graphics.sty
Package: graphics 2014/10/28 v1.0p Standard LaTeX Graphics (DPC,SPQR)

(/usr/local/texlive/2014/texmf-dist/tex/latex/graphics/trig.sty
Package: trig 1999/03/16 v1.09 sin cos tan (DPC)
)
(/usr/local/texlive/2014/texmf-dist/tex/latex/latexconfig/graphics.cfg
File: graphics.cfg 2010/04/23 v1.9 graphics configuration of TeX Live
)
Package graphics Info: Driver file: pdftex.def on input line 91.

(/usr/local/texlive/2014/texmf-dist/tex/latex/pdftex-def/pdftex.def
File: pdftex.def 2011/05/27 v0.06d Graphics/color for pdfTeX

(/usr/local/texlive/2014/texmf-dist/tex/generic/oberdiek/infwarerr.sty
Package: infwarerr 2010/04/08 v1.3 Providing info/warning/error messages (HO)
)
(/usr/local/texlive/2014/texmf-dist/tex/generic/oberdiek/ltxcmds.sty
Package: ltxcmds 2011/11/09 v1.22 LaTeX kernel commands for general use (HO)
)
\Gread@gobject=\count110
))
(/usr/local/texlive/2014/texmf-dist/tex/latex/graphics/graphicx.sty
Package: graphicx 2014/10/28 v1.0g Enhanced LaTeX Graphics (DPC,SPQR)
\Gin@req@height=\dimen123
\Gin@req@width=\dimen124
)
(/usr/local/texlive/2014/texmf-dist/tex/latex/subfig/subfig.sty
Package: subfig 2005/06/28 ver: 1.3 subfig package

(/usr/local/texlive/2014/texmf-dist/tex/latex/caption/caption3.sty
Package: caption3 2013/05/02 v1.6-88 caption3 kernel (AR)
Package caption3 Info: TeX engine: e-TeX on input line 57.
\captionmargin=\dimen125
\captionmargin@=\dimen126
\captionwidth=\dimen127
\caption@tempdima=\dimen128
\caption@indent=\dimen129
\caption@parindent=\dimen130
\caption@hangindent=\dimen131
)
\c@KVtest=\count111
\sf@farskip=\skip98
\sf@captopadj=\dimen132
\sf@capskip=\skip99
\sf@nearskip=\skip100
\c@subfigure=\count112
\c@subfigure@save=\count113
\c@subtable=\count114
\c@subtable@save=\count115
\sf@top=\skip101
\sf@bottom=\skip102
)
(/usr/local/texlive/2014/texmf-dist/tex/latex/algorithm2e/algorithm2e.sty
Package: algorithm2e 2013/01/06 v5.00 algorithms environments
\c@AlgoLine=\count116

(/usr/local/texlive/2014/texmf-dist/tex/latex/base/ifthen.sty
Package: ifthen 2014/09/29 v1.1c Standard LaTeX ifthen package (DPC)
)
(/usr/local/texlive/2014/texmf-dist/tex/latex/relsize/relsize.sty
Package: relsize 2013/03/29 ver 4.1
)
********************************************************
Package `algorithm2e' Release 5.0 -- january 06 2013 --
- algorithm2e-announce@lirmm.fr mailing list for announcement about releases
- algorithm2e-discussion@lirmm.fr mailing list for discussion about package
subscribe by emailing sympa@lirmm.fr with 'subscribe <list> <firstname name>'
- Author: Christophe Fiorio (cfiorio@um2.fr)
********************************************************
\skiptotal=\skip103
\skiplinenumber=\skip104
\skiprule=\skip105
\skiphlne=\skip106
\skiptext=\skip107
\skiplength=\skip108
\algomargin=\skip109
\skipalgocfslide=\skip110
\algowidth=\dimen133
\inoutsize=\dimen134
\inoutindent=\dimen135
\interspacetitleruled=\dimen136
\interspacealgoruled=\dimen137
\interspacetitleboxruled=\dimen138
\algocf@inoutbox=\box32
\algocf@inputbox=\box33
\AlCapSkip=\skip111
\AlCapHSkip=\skip112
\algoskipindent=\skip113
\algocf@nlbox=\box34
\algocf@hangingbox=\box35
\algocf@untilbox=\box36
\algocf@skipuntil=\skip114
\algocf@capbox=\box37
\algoheightruledefault=\skip115
\algoheightrule=\skip116
\algotitleheightruledefault=\skip117
\algotitleheightrule=\skip118
\c@algocfline=\count117
\c@algocfproc=\count118
\c@algocf=\count119
\algocf@algoframe=\box38
\algocf@algobox=\box39
) (/usr/local/texlive/2014/texmf-dist/tex/latex/url/url.sty
\Urlmuskip=\muskip11
Package: url 2013/09/16  ver 3.4  Verb mode for urls, etc.
))
(/usr/local/texlive/2014/texmf-dist/tex/latex/listings/listings.sty
\lst@mode=\count120
\lst@gtempboxa=\box40
\lst@token=\toks29
\lst@length=\count121
\lst@currlwidth=\dimen139
\lst@column=\count122
\lst@pos=\count123
\lst@lostspace=\dimen140
\lst@width=\dimen141
\lst@newlines=\count124
\lst@lineno=\count125
\lst@maxwidth=\dimen142

(/usr/local/texlive/2014/texmf-dist/tex/latex/listings/lstmisc.sty
File: lstmisc.sty 2014/09/06 1.5e (Carsten Heinz)
\c@lstnumber=\count126
\lst@skipnumbers=\count127
\lst@framebox=\box41
)
(/usr/local/texlive/2014/texmf-dist/tex/latex/listings/listings.cfg
File: listings.cfg 2014/09/06 1.5e listings configuration
))
Package: listings 2014/09/06 1.5e (Carsten Heinz)

(./mainthesisUVIC.aux (./chapters/1/chapter_intro.aux)
(./chapters/2/chapter_background.aux) (./chapters/3/chapter_single.aux)
(./chapters/4/chapter_multi.aux) (./chapters/7/chapter_conclusion.aux)
(./chapters/appendix/chapter_app.aux))
\openout1 = `mainthesisUVIC.aux'.

LaTeX Font Info:    Checking defaults for OML/cmm/m/it on input line 5.
LaTeX Font Info:    ... okay on input line 5.
LaTeX Font Info:    Checking defaults for T1/cmr/m/n on input line 5.
LaTeX Font Info:    ... okay on input line 5.
LaTeX Font Info:    Checking defaults for OT1/cmr/m/n on input line 5.
LaTeX Font Info:    ... okay on input line 5.
LaTeX Font Info:    Checking defaults for OMS/cmsy/m/n on input line 5.
LaTeX Font Info:    ... okay on input line 5.
LaTeX Font Info:    Checking defaults for OMX/cmex/m/n on input line 5.
LaTeX Font Info:    ... okay on input line 5.
LaTeX Font Info:    Checking defaults for U/cmr/m/n on input line 5.
LaTeX Font Info:    ... okay on input line 5.

*geometry* driver: auto-detecting
*geometry* detected driver: pdftex
*geometry* verbose mode - [ preamble ] result:
* driver: pdftex
* paper: <default>
* layout: <same size as paper>
* layoutoffset:(h,v)=(0.0pt,0.0pt)
* modes: 
* h-part:(L,W,R)=(108.405pt, 433.62001pt, 72.26999pt)
* v-part:(T,H,B)=(93.95122pt, 628.74878pt, 72.26999pt)
* \paperwidth=614.295pt
* \paperheight=794.96999pt
* \textwidth=433.62001pt
* \textheight=628.74878pt
* \oddsidemargin=36.13501pt
* \evensidemargin=36.13501pt
* \topmargin=-26.45377pt
* \headheight=12.0pt
* \headsep=36.135pt
* \topskip=12.0pt
* \footskip=30.0pt
* \marginparwidth=47.0pt
* \marginparsep=7.0pt
* \columnsep=10.0pt
* \skip\footins=10.8pt plus 4.0pt minus 2.0pt
* \hoffset=0.0pt
* \voffset=0.0pt
* \mag=1000
* \@twocolumnfalse
* \@twosidefalse
* \@mparswitchfalse
* \@reversemarginfalse
* (1in=72.27pt=25.4mm, 1cm=28.453pt)

(/usr/local/texlive/2014/texmf-dist/tex/context/base/supp-pdf.mkii
[Loading MPS to PDF converter (version 2006.09.02).]
\scratchcounter=\count128
\scratchdimen=\dimen143
\scratchbox=\box42
\nofMPsegments=\count129
\nofMParguments=\count130
\everyMPshowfont=\toks30
\MPscratchCnt=\count131
\MPscratchDim=\dimen144
\MPnumerator=\count132
\makeMPintoPDFobject=\count133
\everyMPtoPDFconversion=\toks31
) (/usr/local/texlive/2014/texmf-dist/tex/generic/oberdiek/pdftexcmds.sty
Package: pdftexcmds 2011/11/29 v0.20 Utility functions of pdfTeX for LuaTeX (HO
)

(/usr/local/texlive/2014/texmf-dist/tex/generic/oberdiek/ifluatex.sty
Package: ifluatex 2010/03/01 v1.3 Provides the ifluatex switch (HO)
Package ifluatex Info: LuaTeX not detected.
)
Package pdftexcmds Info: LuaTeX not detected.
Package pdftexcmds Info: \pdf@primitive is available.
Package pdftexcmds Info: \pdf@ifprimitive is available.
Package pdftexcmds Info: \pdfdraftmode found.
)
(/usr/local/texlive/2014/texmf-dist/tex/latex/oberdiek/epstopdf-base.sty
Package: epstopdf-base 2010/02/09 v2.5 Base part for package epstopdf

(/usr/local/texlive/2014/texmf-dist/tex/latex/oberdiek/grfext.sty
Package: grfext 2010/08/19 v1.1 Manage graphics extensions (HO)

(/usr/local/texlive/2014/texmf-dist/tex/generic/oberdiek/kvdefinekeys.sty
Package: kvdefinekeys 2011/04/07 v1.3 Define keys (HO)
))
(/usr/local/texlive/2014/texmf-dist/tex/latex/oberdiek/kvoptions.sty
Package: kvoptions 2011/06/30 v3.11 Key value format for package options (HO)

(/usr/local/texlive/2014/texmf-dist/tex/generic/oberdiek/kvsetkeys.sty
Package: kvsetkeys 2012/04/25 v1.16 Key value parser (HO)

(/usr/local/texlive/2014/texmf-dist/tex/generic/oberdiek/etexcmds.sty
Package: etexcmds 2011/02/16 v1.5 Avoid name clashes with e-TeX commands (HO)
Package etexcmds Info: Could not find \expanded.
(etexcmds)             That can mean that you are not using pdfTeX 1.50 or
(etexcmds)             that some package has redefined \expanded.
(etexcmds)             In the latter case, load this package earlier.
)))
Package grfext Info: Graphics extension search list:
(grfext)             [.png,.pdf,.jpg,.mps,.jpeg,.jbig2,.jb2,.PNG,.PDF,.JPG,.JPE
G,.JBIG2,.JB2,.eps]
(grfext)             \AppendGraphicsExtensions on input line 452.

(/usr/local/texlive/2014/texmf-dist/tex/latex/latexconfig/epstopdf-sys.cfg
File: epstopdf-sys.cfg 2010/07/13 v1.3 Configuration of (r)epstopdf for TeX Liv
e
))
Package caption Info: Begin \AtBeginDocument code.
Package caption Info: subfig package v1.3 is loaded.
Package caption Info: End \AtBeginDocument code.
\c@lstlisting=\count134

(./frontmatter/fm.tex (./frontmatter/tp.tex
LaTeX Font Info:    Try loading font information for U+msa on input line 18.

(/usr/local/texlive/2014/texmf-dist/tex/latex/amsfonts/umsa.fd
File: umsa.fd 2013/01/14 v3.01 AMS symbols A
)
LaTeX Font Info:    Try loading font information for U+msb on input line 18.

(/usr/local/texlive/2014/texmf-dist/tex/latex/amsfonts/umsb.fd
File: umsb.fd 2013/01/14 v3.01 AMS symbols B
)
LaTeX Font Info:    Try loading font information for U+wasy on input line 18.

(/usr/local/texlive/2014/texmf-dist/tex/latex/wasysym/uwasy.fd
File: uwasy.fd 2003/10/30 v2.0 Wasy-2 symbol font definitions
)
LaTeX Font Info:    Try loading font information for OMS+cmr on input line 19.

(/usr/local/texlive/2014/texmf-dist/tex/latex/base/omscmr.fd
File: omscmr.fd 2014/09/29 v2.5h Standard LaTeX font definitions
)
LaTeX Font Info:    Font shape `OMS/cmr/m/n' in size <12> not available
(Font)              Font shape `OMS/cmsy/m/n' tried instead on input line 19.
)
(./frontmatter/sc.tex [1





{/usr/local/texlive/2014/texmf-var/fonts/map/pdftex/updmap/pdftex.map}]
Underfull \hbox (badness 10000) in paragraph at lines 16--19

 []

) [2] (./frontmatter/abs.tex
Underfull \hbox (badness 10000) in paragraph at lines 4--7

 []

) [3] (./mainthesisUVIC.toc

Package Fancyhdr Warning: \headheight is too small (12.0pt): 
 Make it at least 14.49998pt.
 We now make it that large for the rest of the document.
 This may cause the page layout to be inconsistent, however.

[4])
\tf@toc=\write3
\openout3 = `mainthesisUVIC.toc'.

 [5] (./mainthesisUVIC.lot)
\tf@lot=\write4
\openout4 = `mainthesisUVIC.lot'.

 [6] (./mainthesisUVIC.lof [7])
\tf@lof=\write5
\openout5 = `mainthesisUVIC.lof'.


(./frontmatter/ack.tex [8]
Overfull \hbox (9.76291pt too wide) in paragraph at lines 13--14
[]\OT1/cmr/m/n/12 for sup-
 []

) (./frontmatter/ded.tex [9]) [10])
\openout2 = `chapters/1/chapter_intro.aux'.

 (./chapters/1/chapter_intro.tex
Chapter 1.
[1


] [2] [3] [4]) [5]
\openout2 = `chapters/2/chapter_background.aux'.

 (./chapters/2/chapter_background.tex
Chapter 2.
[6



] <figures/hidden.png, id=60, 539.01375pt x 481.8pt>
File: figures/hidden.png Graphic file (type png)

<use figures/hidden.png>
Package pdftex.def Info: figures/hidden.png used on input line 19.
(pdftex.def)             Requested size: 281.85036pt x 251.93425pt.
 [7] [8 <./figures/hidden.png>]
<figures/justThreeNodes.pdf, id=69, 614.295pt x 83.31125pt>
File: figures/justThreeNodes.pdf Graphic file (type pdf)

<use figures/justThreeNodes.pdf>
Package pdftex.def Info: figures/justThreeNodes.pdf used on input line 42.
(pdftex.def)             Requested size: 346.89732pt x 47.04678pt.

<figures/traditionalRelay.pdf, id=70, 614.295pt x 354.32375pt>
File: figures/traditionalRelay.pdf Graphic file (type pdf)

<use figures/traditionalRelay.pdf>
Package pdftex.def Info: figures/traditionalRelay.pdf used on input line 52.
(pdftex.def)             Requested size: 346.89732pt x 200.09056pt.

<figures/straightforwardNC.pdf, id=71, 614.295pt x 284.06125pt>
File: figures/straightforwardNC.pdf Graphic file (type pdf)

<use figures/straightforwardNC.pdf>
Package pdftex.def Info: figures/straightforwardNC.pdf used on input line 60.
(pdftex.def)             Requested size: 346.89732pt x 160.41254pt.

<figures/threeNodePnc.pdf, id=72, 614.295pt x 183.68625pt>
File: figures/threeNodePnc.pdf Graphic file (type pdf)

<use figures/threeNodePnc.pdf>
Package pdftex.def Info: figures/threeNodePnc.pdf used on input line 66.
(pdftex.def)             Requested size: 346.89732pt x 103.72964pt.
 [9 <./figures/justThreeNodes.pdf>] [10 <./figures/traditionalRelay.pdf>] [11 <
./figures/straightforwardNC.pdf> <./figures/threeNodePnc.pdf>] <figures/sdr.pdf
, id=95, 703.62875pt x 424.58624pt>
File: figures/sdr.pdf Graphic file (type pdf)

<use figures/sdr.pdf>
Package pdftex.def Info: figures/sdr.pdf used on input line 85.
(pdftex.def)             Requested size: 346.89732pt x 209.32536pt.
 [12 <./figures/sdr.pdf>]) [13]
\openout2 = `chapters/3/chapter_single.aux'.


(./chapters/3/chapter_single.tex
Chapter 3.
[14



] [15] [16]
Package epstopdf Info: Source file: <figures/diagram.eps>
(epstopdf)                    date: 2017-10-02 22:39:10
(epstopdf)                    size: 20779390 bytes
(epstopdf)             Output file: <figures/diagram-eps-converted-to.pdf>
(epstopdf)                    date: 2017-10-02 22:39:10
(epstopdf)                    size: 286543 bytes
(epstopdf)             Command: <repstopdf --outfile=figures/diagram-eps-conver
ted-to.pdf figures/diagram.eps>
(epstopdf)             \includegraphics on input line 82.
Package epstopdf Info: Output file is already uptodate.

<figures/diagram-eps-converted-to.pdf, id=116, 845.1575pt x 230.8625pt>
File: figures/diagram-eps-converted-to.pdf Graphic file (type pdf)

<use figures/diagram-eps-converted-to.pdf>
Package pdftex.def Info: figures/diagram-eps-converted-to.pdf used on input lin
e 82.
(pdftex.def)             Requested size: 411.93768pt x 112.52827pt.
 [17 <./figures/diagram-eps-converted-to.pdf>]
Package epstopdf Info: Source file: <figures/sample_vonoroli.eps>
(epstopdf)                    date: 2017-10-02 22:39:10
(epstopdf)                    size: 170241 bytes
(epstopdf)             Output file: <figures/sample_vonoroli-eps-converted-to.p
df>
(epstopdf)                    date: 2017-10-02 22:39:10
(epstopdf)                    size: 33565 bytes
(epstopdf)             Command: <repstopdf --outfile=figures/sample_vonoroli-ep
s-converted-to.pdf figures/sample_vonoroli.eps>
(epstopdf)             \includegraphics on input line 114.
Package epstopdf Info: Output file is already uptodate.

<figures/sample_vonoroli-eps-converted-to.pdf, id=141, 826.08624pt x 588.1975pt
>
File: figures/sample_vonoroli-eps-converted-to.pdf Graphic file (type pdf)
 <use figures/sample_vonoroli-eps-converted-to.pdf>
Package pdftex.def Info: figures/sample_vonoroli-eps-converted-to.pdf used on i
nput line 114.
(pdftex.def)             Requested size: 411.93768pt x 293.31718pt.


Package amsmath Warning: Foreign command \atopwithdelims;
(amsmath)                \frac or \genfrac should be used instead
(amsmath)                 on input line 121.

[18] [19 <./figures/sample_vonoroli-eps-converted-to.pdf>]
Package epstopdf Info: Source file: <figures/webb2.eps>
(epstopdf)                    date: 2017-10-02 22:39:10
(epstopdf)                    size: 795053 bytes
(epstopdf)             Output file: <figures/webb2-eps-converted-to.pdf>
(epstopdf)                    date: 2017-10-02 22:39:10
(epstopdf)                    size: 28337 bytes
(epstopdf)             Command: <repstopdf --outfile=figures/webb2-eps-converte
d-to.pdf figures/webb2.eps>
(epstopdf)             \includegraphics on input line 161.
Package epstopdf Info: Output file is already uptodate.

<figures/webb2-eps-converted-to.pdf, id=155, 412.54124pt x 317.185pt>
File: figures/webb2-eps-converted-to.pdf Graphic file (type pdf)

<use figures/webb2-eps-converted-to.pdf>
Package pdftex.def Info: figures/webb2-eps-converted-to.pdf used on input line 
161.
(pdftex.def)             Requested size: 325.215pt x 250.04584pt.
 [20] [21 <./figures/webb2-eps-converted-to.pdf>] [22]
Package epstopdf Info: Source file: <figures/final_metric1.eps>
(epstopdf)                    date: 2017-10-02 22:39:10
(epstopdf)                    size: 24944 bytes
(epstopdf)             Output file: <figures/final_metric1-eps-converted-to.pdf
>
(epstopdf)                    date: 2017-10-02 22:39:10
(epstopdf)                    size: 8492 bytes
(epstopdf)             Command: <repstopdf --outfile=figures/final_metric1-eps-
converted-to.pdf figures/final_metric1.eps>
(epstopdf)             \includegraphics on input line 231.
Package epstopdf Info: Output file is already uptodate.

<figures/final_metric1-eps-converted-to.pdf, id=170, 826.08624pt x 588.1975pt>
File: figures/final_metric1-eps-converted-to.pdf Graphic file (type pdf)

<use figures/final_metric1-eps-converted-to.pdf>
Package pdftex.def Info: figures/final_metric1-eps-converted-to.pdf used on inp
ut line 231.
(pdftex.def)             Requested size: 216.81pt x 154.37274pt.
Package epstopdf Info: Source file: <figures/final_metric2.eps>
(epstopdf)                    date: 2017-10-02 22:39:10
(epstopdf)                    size: 106265 bytes
(epstopdf)             Output file: <figures/final_metric2-eps-converted-to.pdf
>
(epstopdf)                    date: 2017-10-02 22:39:10
(epstopdf)                    size: 9367 bytes
(epstopdf)             Command: <repstopdf --outfile=figures/final_metric2-eps-
converted-to.pdf figures/final_metric2.eps>
(epstopdf)             \includegraphics on input line 233.
Package epstopdf Info: Output file is already uptodate.

<figures/final_metric2-eps-converted-to.pdf, id=171, 826.08624pt x 588.1975pt>
File: figures/final_metric2-eps-converted-to.pdf Graphic file (type pdf)

<use figures/final_metric2-eps-converted-to.pdf>
Package pdftex.def Info: figures/final_metric2-eps-converted-to.pdf used on inp
ut line 233.
(pdftex.def)             Requested size: 216.81pt x 154.37274pt.
 [23 <./figures/final_metric1-eps-converted-to.pdf> <./figures/final_metric2-ep
s-converted-to.pdf>]
Package epstopdf Info: Source file: <figures/final_probability_fixedM.eps>
(epstopdf)                    date: 2017-10-02 22:39:10
(epstopdf)                    size: 54114 bytes
(epstopdf)             Output file: <figures/final_probability_fixedM-eps-conve
rted-to.pdf>
(epstopdf)                    date: 2017-10-02 22:39:10
(epstopdf)                    size: 14225 bytes
(epstopdf)             Command: <repstopdf --outfile=figures/final_probability_
fixedM-eps-converted-to.pdf figures/final_probability_fixedM.eps>
(epstopdf)             \includegraphics on input line 258.
Package epstopdf Info: Output file is already uptodate.

<figures/final_probability_fixedM-eps-converted-to.pdf, id=193, 826.08624pt x 5
88.1975pt>
File: figures/final_probability_fixedM-eps-converted-to.pdf Graphic file (type 
pdf)
 <use figures/final_probability_fixedM-eps-converted-to.pdf>
Package pdftex.def Info: figures/final_probability_fixedM-eps-converted-to.pdf 
used on input line 258.
(pdftex.def)             Requested size: 203.80193pt x 145.11037pt.
Package epstopdf Info: Source file: <figures/final_probablity_fixedR_analysis.e
ps>
(epstopdf)                    date: 2017-10-02 22:39:10
(epstopdf)                    size: 20621 bytes
(epstopdf)             Output file: <figures/final_probablity_fixedR_analysis-e
ps-converted-to.pdf>
(epstopdf)                    date: 2017-10-02 22:39:10
(epstopdf)                    size: 7933 bytes
(epstopdf)             Command: <repstopdf --outfile=figures/final_probablity_f
ixedR_analysis-eps-converted-to.pdf figures/final_probablity_fixedR_analysis.ep
s>
(epstopdf)             \includegraphics on input line 260.
Package epstopdf Info: Output file is already uptodate.

<figures/final_probablity_fixedR_analysis-eps-converted-to.pdf, id=194, 826.086
24pt x 588.1975pt>
File: figures/final_probablity_fixedR_analysis-eps-converted-to.pdf Graphic fil
e (type pdf)

<use figures/final_probablity_fixedR_analysis-eps-converted-to.pdf>
Package pdftex.def Info: figures/final_probablity_fixedR_analysis-eps-converted
-to.pdf used on input line 260.
(pdftex.def)             Requested size: 203.80193pt x 145.11037pt.
 [24 <./figures/final_probability_fixedM-eps-converted-to.pdf> <./figures/final
_probablity_fixedR_analysis-eps-converted-to.pdf>]
Package epstopdf Info: Source file: <figures/throughput.eps>
(epstopdf)                    date: 2017-10-02 22:39:10
(epstopdf)                    size: 82440 bytes
(epstopdf)             Output file: <figures/throughput-eps-converted-to.pdf>
(epstopdf)                    date: 2017-10-02 22:39:10
(epstopdf)                    size: 8901 bytes
(epstopdf)             Command: <repstopdf --outfile=figures/throughput-eps-con
verted-to.pdf figures/throughput.eps>
(epstopdf)             \includegraphics on input line 289.
Package epstopdf Info: Output file is already uptodate.

<figures/throughput-eps-converted-to.pdf, id=211, 826.08624pt x 588.1975pt>
File: figures/throughput-eps-converted-to.pdf Graphic file (type pdf)

<use figures/throughput-eps-converted-to.pdf>
Package pdftex.def Info: figures/throughput-eps-converted-to.pdf used on input 
line 289.
(pdftex.def)             Requested size: 411.93768pt x 293.31718pt.
 [25 <./figures/throughput-eps-converted-to.pdf>]) [26]
\openout2 = `chapters/4/chapter_multi.aux'.

 (./chapters/4/chapter_multi.tex
Chapter 4.

Overfull \hbox (3.8236pt too wide) in paragraph at lines 17--23
\OT1/cmr/m/n/12 bol level. The syn-chro-niza-tion is-sue has been heav-ily in-v
es-ti-gated, e.g., SourceSync [[]]
 []

[27



] [28] [29]
Package epstopdf Info: Source file: <figures/pncreceiver.eps>
(epstopdf)                    date: 2017-10-02 22:39:10
(epstopdf)                    size: 389621 bytes
(epstopdf)             Output file: <figures/pncreceiver-eps-converted-to.pdf>
(epstopdf)                    date: 2017-10-02 22:39:10
(epstopdf)                    size: 22796 bytes
(epstopdf)             Command: <repstopdf --outfile=figures/pncreceiver-eps-co
nverted-to.pdf figures/pncreceiver.eps>
(epstopdf)             \includegraphics on input line 71.
Package epstopdf Info: Output file is already uptodate.

<figures/pncreceiver-eps-converted-to.pdf, id=237, 812.03375pt x 234.8775pt>
File: figures/pncreceiver-eps-converted-to.pdf Graphic file (type pdf)

<use figures/pncreceiver-eps-converted-to.pdf>
Package pdftex.def Info: figures/pncreceiver-eps-converted-to.pdf used on input
 line 71.
(pdftex.def)             Requested size: 411.93768pt x 119.148pt.
 [30 <./figures/pncreceiver-eps-converted-to.pdf>] [31]
Package epstopdf Info: Source file: <figures/testbed.eps>
(epstopdf)                    date: 2017-10-02 22:39:10
(epstopdf)                    size: 994625 bytes
(epstopdf)             Output file: <figures/testbed-eps-converted-to.pdf>
(epstopdf)                    date: 2017-10-02 22:39:10
(epstopdf)                    size: 1025661 bytes
(epstopdf)             Command: <repstopdf --outfile=figures/testbed-eps-conver
ted-to.pdf figures/testbed.eps>
(epstopdf)             \includegraphics on input line 196.
Package epstopdf Info: Output file is already uptodate.

<figures/testbed-eps-converted-to.pdf, id=247, 2457.18pt x 2457.18pt>
File: figures/testbed-eps-converted-to.pdf Graphic file (type pdf)

<use figures/testbed-eps-converted-to.pdf>
Package pdftex.def Info: figures/testbed-eps-converted-to.pdf used on input lin
e 196.
(pdftex.def)             Requested size: 411.93768pt x 411.90358pt.
Package epstopdf Info: Source file: <figures/BER_Payload_MA.eps>
(epstopdf)                    date: 2017-10-02 22:39:10
(epstopdf)                    size: 34215 bytes
(epstopdf)             Output file: <figures/BER_Payload_MA-eps-converted-to.pd
f>
(epstopdf)                    date: 2017-10-02 22:39:10
(epstopdf)                    size: 8500 bytes
(epstopdf)             Command: <repstopdf --outfile=figures/BER_Payload_MA-eps
-converted-to.pdf figures/BER_Payload_MA.eps>
(epstopdf)             \includegraphics on input line 216.
Package epstopdf Info: Output file is already uptodate.

<figures/BER_Payload_MA-eps-converted-to.pdf, id=248, 578.16pt x 433.62pt>
File: figures/BER_Payload_MA-eps-converted-to.pdf Graphic file (type pdf)

<use figures/BER_Payload_MA-eps-converted-to.pdf>
Package pdftex.def Info: figures/BER_Payload_MA-eps-converted-to.pdf used on in
put line 216.
(pdftex.def)             Requested size: 143.09538pt x 107.31963pt.
Package epstopdf Info: Source file: <figures/BER_Payload_e2e.eps>
(epstopdf)                    date: 2017-10-02 22:39:10
(epstopdf)                    size: 31704 bytes
(epstopdf)             Output file: <figures/BER_Payload_e2e-eps-converted-to.p
df>
(epstopdf)                    date: 2017-10-02 22:39:10
(epstopdf)                    size: 8268 bytes
(epstopdf)             Command: <repstopdf --outfile=figures/BER_Payload_e2e-ep
s-converted-to.pdf figures/BER_Payload_e2e.eps>
(epstopdf)             \includegraphics on input line 217.
Package epstopdf Info: Output file is already uptodate.

<figures/BER_Payload_e2e-eps-converted-to.pdf, id=249, 578.16pt x 433.62pt>
File: figures/BER_Payload_e2e-eps-converted-to.pdf Graphic file (type pdf)

<use figures/BER_Payload_e2e-eps-converted-to.pdf>
Package pdftex.def Info: figures/BER_Payload_e2e-eps-converted-to.pdf used on i
nput line 217.
(pdftex.def)             Requested size: 143.09538pt x 107.31963pt.
Package epstopdf Info: Source file: <figures/cdf.eps>
(epstopdf)                    date: 2017-10-02 22:39:10
(epstopdf)                    size: 15916 bytes
(epstopdf)             Output file: <figures/cdf-eps-converted-to.pdf>
(epstopdf)                    date: 2017-10-02 22:39:10
(epstopdf)                    size: 5971 bytes
(epstopdf)             Command: <repstopdf --outfile=figures/cdf-eps-converted-
to.pdf figures/cdf.eps>
(epstopdf)             \includegraphics on input line 218.
Package epstopdf Info: Output file is already uptodate.

<figures/cdf-eps-converted-to.pdf, id=250, 578.16pt x 433.62pt>
File: figures/cdf-eps-converted-to.pdf Graphic file (type pdf)

<use figures/cdf-eps-converted-to.pdf>
Package pdftex.def Info: figures/cdf-eps-converted-to.pdf used on input line 21
8.
(pdftex.def)             Requested size: 143.09538pt x 107.31963pt.

Overfull \hbox (31.66614pt too wide) in paragraph at lines 215--221
 [][] 
 []

Package epstopdf Info: Source file: <figures/ber_bar_160.eps>
(epstopdf)                    date: 2017-10-02 22:39:10
(epstopdf)                    size: 17390 bytes
(epstopdf)             Output file: <figures/ber_bar_160-eps-converted-to.pdf>
(epstopdf)                    date: 2017-10-02 22:39:10
(epstopdf)                    size: 6423 bytes
(epstopdf)             Command: <repstopdf --outfile=figures/ber_bar_160-eps-co
nverted-to.pdf figures/ber_bar_160.eps>
(epstopdf)             \includegraphics on input line 228.
Package epstopdf Info: Output file is already uptodate.
<figures/ber_bar_160-eps-converted-to.pdf, id=251, 578.16pt x 433.62pt>
File: figures/ber_bar_160-eps-converted-to.pdf Graphic file (type pdf)

<use figures/ber_bar_160-eps-converted-to.pdf>
Package pdftex.def Info: figures/ber_bar_160-eps-converted-to.pdf used on input
 line 228.
(pdftex.def)             Requested size: 203.80193pt x 152.84776pt.
Package epstopdf Info: Source file: <figures/th_bar_160.eps>
(epstopdf)                    date: 2017-10-02 22:39:10
(epstopdf)                    size: 17380 bytes
(epstopdf)             Output file: <figures/th_bar_160-eps-converted-to.pdf>
(epstopdf)                    date: 2017-10-02 22:39:10
(epstopdf)                    size: 6948 bytes
(epstopdf)             Command: <repstopdf --outfile=figures/th_bar_160-eps-con
verted-to.pdf figures/th_bar_160.eps>
(epstopdf)             \includegraphics on input line 229.
Package epstopdf Info: Output file is already uptodate.

<figures/th_bar_160-eps-converted-to.pdf, id=252, 578.16pt x 433.62pt>
File: figures/th_bar_160-eps-converted-to.pdf Graphic file (type pdf)

<use figures/th_bar_160-eps-converted-to.pdf>
Package pdftex.def Info: figures/th_bar_160-eps-converted-to.pdf used on input 
line 229.
(pdftex.def)             Requested size: 203.80193pt x 152.84776pt.
 [32] [33 <./figures/testbed-eps-converted-to.pdf>] [34 <./figures/BER_Payload_
MA-eps-converted-to.pdf> <./figures/BER_Payload_e2e-eps-converted-to.pdf> <./fi
gures/cdf-eps-converted-to.pdf> <./figures/ber_bar_160-eps-converted-to.pdf> <.
/figures/th_bar_160-eps-converted-to.pdf>]
Package epstopdf Info: Source file: <figures/sim_th_alpha4_snrh2h9BL256.eps>
(epstopdf)                    date: 2017-10-02 22:39:10
(epstopdf)                    size: 32950 bytes
(epstopdf)             Output file: <figures/sim_th_alpha4_snrh2h9BL256-eps-con
verted-to.pdf>
(epstopdf)                    date: 2017-10-02 22:39:10
(epstopdf)                    size: 8350 bytes
(epstopdf)             Command: <repstopdf --outfile=figures/sim_th_alpha4_snrh
2h9BL256-eps-converted-to.pdf figures/sim_th_alpha4_snrh2h9BL256.eps>
(epstopdf)             \includegraphics on input line 330.
Package epstopdf Info: Output file is already uptodate.

<figures/sim_th_alpha4_snrh2h9BL256-eps-converted-to.pdf, id=293, 578.16pt x 43
3.62pt>
File: figures/sim_th_alpha4_snrh2h9BL256-eps-converted-to.pdf Graphic file (typ
e pdf)
 <use figures/sim_th_alpha4_snrh2h9BL256-eps-converted-to.pdf>
Package pdftex.def Info: figures/sim_th_alpha4_snrh2h9BL256-eps-converted-to.pd
f used on input line 330.
(pdftex.def)             Requested size: 411.93768pt x 308.95084pt.
 [35]
Package epstopdf Info: Source file: <figures/cfo2.eps>
(epstopdf)                    date: 2017-10-02 22:39:10
(epstopdf)                    size: 43712 bytes
(epstopdf)             Output file: <figures/cfo2-eps-converted-to.pdf>
(epstopdf)                    date: 2017-10-02 22:39:10
(epstopdf)                    size: 11504 bytes
(epstopdf)             Command: <repstopdf --outfile=figures/cfo2-eps-converted
-to.pdf figures/cfo2.eps>
(epstopdf)             \includegraphics on input line 358.
Package epstopdf Info: Output file is already uptodate.

<figures/cfo2-eps-converted-to.pdf, id=297, 578.16pt x 433.62pt>
File: figures/cfo2-eps-converted-to.pdf Graphic file (type pdf)

<use figures/cfo2-eps-converted-to.pdf>
Package pdftex.def Info: figures/cfo2-eps-converted-to.pdf used on input line 3
58.
(pdftex.def)             Requested size: 203.80193pt x 152.84776pt.
Package epstopdf Info: Source file: <figures/locations2_new.eps>
(epstopdf)                    date: 2017-10-02 22:39:10
(epstopdf)                    size: 33764 bytes
(epstopdf)             Output file: <figures/locations2_new-eps-converted-to.pd
f>
(epstopdf)                    date: 2017-10-02 22:39:10
(epstopdf)                    size: 10940 bytes
(epstopdf)             Command: <repstopdf --outfile=figures/locations2_new-eps
-converted-to.pdf figures/locations2_new.eps>
(epstopdf)             \includegraphics on input line 359.
Package epstopdf Info: Output file is already uptodate.

<figures/locations2_new-eps-converted-to.pdf, id=298, 578.16pt x 433.62pt>
File: figures/locations2_new-eps-converted-to.pdf Graphic file (type pdf)

<use figures/locations2_new-eps-converted-to.pdf>
Package pdftex.def Info: figures/locations2_new-eps-converted-to.pdf used on in
put line 359.
(pdftex.def)             Requested size: 203.80193pt x 152.84776pt.
) [36 <./figures/sim_th_alpha4_snrh2h9BL256-eps-converted-to.pdf>] [37 <./figur
es/cfo2-eps-converted-to.pdf> <./figures/locations2_new-eps-converted-to.pdf>]
\openout2 = `chapters/7/chapter_conclusion.aux'.


(./chapters/7/chapter_conclusion.tex
Chapter 5.
) [38



] [39]
\openout2 = `chapters/appendix/chapter_app.aux'.

 (./chapters/appendix/chapter_app.tex
Appendix A.

Overfull \hbox (52.38493pt too wide) in paragraph at lines 11--12
[][][][][][][][][][][][][][][][][][][][][][][][][][][][][][][][][][][] 
 []

[40



]
Overfull \hbox (64.38506pt too wide) in paragraph at lines 32--33
[][][][][][][][][][][][][][][][][][][][][][][] 
 []


Overfull \hbox (64.38506pt too wide) in paragraph at lines 33--34
[][][][][][][][][][][][][][][][][][][][][][][] 
 []


Overfull \hbox (4.38445pt too wide) in paragraph at lines 34--35
[][][][][][][][][][][][][][][][][][][][][][][] 
 []


Overfull \hbox (16.38457pt too wide) in paragraph at lines 35--36
[][][][][][][][][][][][][][][][][][][][][][][] 
 []


Overfull \hbox (4.38445pt too wide) in paragraph at lines 36--37
[][][][][][][][][][][][][][][][][][][][][][][] 
 []


Overfull \hbox (4.38445pt too wide) in paragraph at lines 37--38
[][][][][][][][][][][][][][][][][][][][][][][] 
 []

[41]
Overfull \hbox (8.07718pt too wide) in paragraph at lines 70--72
\OT1/cmr/m/n/12 after com-pil-ing the code( make and sudo make in-stall) put th
ese two lines in \OT1/cmr/m/it/12 .bash[]profile
 []

LaTeX Font Info:    Font shape `OMS/cmr/m/n' in size <10> not available
(Font)              Font shape `OMS/cmsy/m/n' tried instead on input line 73.

Overfull \hbox (46.38487pt too wide) in paragraph at lines 83--84
[][][][][][][][][][][][][][][][][] 
 []


Overfull \hbox (88.3853pt too wide) in paragraph at lines 90--91
[][][][][][][][][][][][][][][][][][][][] 
 []

[42]
LaTeX Font Info:    Try loading font information for OML+cmr on input line 123.

 (/usr/local/texlive/2014/texmf-dist/tex/latex/base/omlcmr.fd
File: omlcmr.fd 2014/09/29 v2.5h Standard LaTeX font definitions
)
LaTeX Font Info:    Font shape `OML/cmr/m/n' in size <10> not available
(Font)              Font shape `OML/cmm/m/it' tried instead on input line 123.

Overfull \hbox (46.38487pt too wide) in paragraph at lines 125--126
[][][][][][][][][][][][][][][][][][][][][][][][][][][][][][][][][][] 
 []

) [43] (./mainthesisUVIC.bbl [44


] [45] [46]) [47] (./mainthesisUVIC.aux
(./chapters/1/chapter_intro.aux) (./chapters/2/chapter_background.aux)
(./chapters/3/chapter_single.aux) (./chapters/4/chapter_multi.aux)
(./chapters/7/chapter_conclusion.aux) (./chapters/appendix/chapter_app.aux)) ) 
Here is how much of TeX's memory you used:
 7435 strings out of 493109
 109485 string characters out of 6135011
 212729 words of memory out of 5000000
 10654 multiletter control sequences out of 15000+600000
 14617 words of font info for 57 fonts, out of 8000000 for 9000
 1141 hyphenation exceptions out of 8191
 40i,18n,49p,1280b,1442s stack positions out of 5000i,500n,10000p,200000b,80000s
<
/usr/local/texlive/2014/texmf-dist/fonts/type1/public/amsfonts/cm/cmbx12.pfb></
usr/local/texlive/2014/texmf-dist/fonts/type1/public/amsfonts/cm/cmbxti10.pfb><
/usr/local/texlive/2014/texmf-dist/fonts/type1/public/amsfonts/cm/cmex10.pfb></
usr/local/texlive/2014/texmf-dist/fonts/type1/public/amsfonts/cm/cmmi10.pfb></u
sr/local/texlive/2014/texmf-dist/fonts/type1/public/amsfonts/cm/cmmi12.pfb></us
r/local/texlive/2014/texmf-dist/fonts/type1/public/amsfonts/cm/cmmi6.pfb></usr/
local/texlive/2014/texmf-dist/fonts/type1/public/amsfonts/cm/cmmi7.pfb></usr/lo
cal/texlive/2014/texmf-dist/fonts/type1/public/amsfonts/cm/cmmi8.pfb></usr/loca
l/texlive/2014/texmf-dist/fonts/type1/public/amsfonts/cm/cmr10.pfb></usr/local/
texlive/2014/texmf-dist/fonts/type1/public/amsfonts/cm/cmr12.pfb></usr/local/te
xlive/2014/texmf-dist/fonts/type1/public/amsfonts/cm/cmr6.pfb></usr/local/texli
ve/2014/texmf-dist/fonts/type1/public/amsfonts/cm/cmr8.pfb></usr/local/texlive/
2014/texmf-dist/fonts/type1/public/amsfonts/cm/cmsy10.pfb></usr/local/texlive/2
014/texmf-dist/fonts/type1/public/amsfonts/cm/cmsy8.pfb></usr/local/texlive/201
4/texmf-dist/fonts/type1/public/amsfonts/cm/cmti12.pfb></usr/local/texlive/2014
/texmf-dist/fonts/type1/public/amsfonts/cm/cmtt12.pfb>
Output written on mainthesisUVIC.pdf (57 pages, 1855189 bytes).
PDF statistics:
 408 PDF objects out of 1000 (max. 8388607)
 265 compressed objects within 3 object streams
 0 named destinations out of 1000 (max. 500000)
 121 words of extra memory for PDF output out of 10000 (max. 10000000)

